{
  "RSpec": {
    "coverage": {
      "/Users/juanmamaffei/apps/builders-reactor/app/models/category_map.rb": {
        "lines": [
          1,
          1,
          null
        ]
      },
      "/Users/juanmamaffei/apps/builders-reactor/app/models/application_record.rb": {
        "lines": [
          null,
          null,
          1,
          1,
          null
        ]
      },
      "/Users/juanmamaffei/apps/builders-reactor/spec/models/category_spec.rb": {
        "lines": [
          1,
          null,
          1,
          1,
          null
        ]
      },
      "/Users/juanmamaffei/apps/builders-reactor/app/models/category.rb": {
        "lines": [
          1,
          null,
          1,
          1,
          null,
          1,
          null
        ]
      },
      "/Users/juanmamaffei/apps/builders-reactor/spec/models/item_spec.rb": {
        "lines": [
          1,
          null,
          1,
          1,
          null
        ]
      },
      "/Users/juanmamaffei/apps/builders-reactor/app/models/item.rb": {
        "lines": [
          1,
          null
        ]
      },
      "/Users/juanmamaffei/apps/builders-reactor/spec/services/builders_world/connect_spec.rb": {
        "lines": [
          null,
          null,
          1,
          null,
          1,
          1,
          1,
          1,
          1,
          1,
          null,
          null,
          null
        ]
      },
      "/Users/juanmamaffei/apps/builders-reactor/app/services/builders_world/connect.rb": {
        "lines": [
          null,
          null,
          1,
          1,
          1,
          null,
          null,
          null,
          1,
          1,
          3,
          3,
          3,
          3,
          3,
          null,
          null,
          1,
          3,
          null,
          null,
          null,
          null,
          null,
          null,
          null,
          null,
          null,
          null,
          null
        ]
      },
      "/Users/juanmamaffei/apps/builders-reactor/app/services/application_service.rb": {
        "lines": [
          null,
          null,
          null,
          null,
          1,
          1,
          4,
          null,
          null,
          null
        ]
      },
      "/Users/juanmamaffei/apps/builders-reactor/spec/services/builders_world/products_downloader_spec.rb": {
        "lines": [
          null,
          null,
          1,
          null,
          1,
          1,
          1,
          1,
          1,
          1,
          null,
          null,
          null,
          1,
          1,
          null,
          null
        ]
      },
      "/Users/juanmamaffei/apps/builders-reactor/app/services/builders_world/products_downloader.rb": {
        "lines": [
          null,
          null,
          1,
          null,
          null,
          null,
          1,
          1,
          2,
          2,
          2,
          null,
          null,
          null,
          1,
          2,
          2,
          null,
          null,
          1,
          null,
          1,
          36,
          null,
          null,
          1,
          2,
          2,
          36,
          36,
          36,
          null,
          68,
          34,
          null,
          null,
          null,
          null
        ]
      },
      "/Users/juanmamaffei/apps/builders-reactor/spec/use_cases/download_products_list_use_case_spec.rb": {
        "lines": [
          null,
          null,
          1,
          null,
          1,
          1,
          1,
          2,
          null,
          1,
          1,
          1,
          null,
          null,
          null,
          1,
          1,
          1,
          null,
          null,
          null,
          null,
          null,
          null
        ]
      },
      "/Users/juanmamaffei/apps/builders-reactor/app/use_cases/download_products_list_use_case.rb": {
        "lines": [
          null,
          null,
          1,
          null,
          null,
          1,
          null,
          1,
          1,
          1,
          1,
          1,
          1,
          null,
          null,
          1,
          null,
          1,
          1,
          null,
          null,
          1,
          3,
          null,
          null,
          1,
          1,
          null,
          null,
          1,
          1,
          null,
          null,
          1,
          1,
          null,
          null,
          1,
          null,
          1,
          null,
          null,
          null,
          null,
          null,
          null
        ]
      },
      "/Users/juanmamaffei/apps/builders-reactor/lib/utils/file_persistor.rb": {
        "lines": [
          null,
          null,
          1,
          null,
          1,
          1,
          1,
          1,
          null,
          null,
          null
        ]
      },
      "/Users/juanmamaffei/apps/builders-reactor/app/use_cases/application_use_case.rb": {
        "lines": [
          null,
          null,
          null,
          null,
          1,
          1,
          1,
          null,
          null,
          null
        ]
      }
    },
    "timestamp": 1662695938
  }
}
